This file contains any messages produced by compilers while
running configure, to aid debugging if configure makes a mistake.

It was created by pidgin-im-pusher configure 0.07, which was
generated by GNU Autoconf 2.67.  Invocation command line was

  $ ./configure --no-create --no-recursion

## --------- ##
## Platform. ##
## --------- ##

hostname = wl-laptop
uname -m = x86_64
uname -r = 2.6.35-28-generic
uname -s = Linux
uname -v = #49-Ubuntu SMP Tue Mar 1 14:39:03 UTC 2011

/usr/bin/uname -p = unknown
/bin/uname -X     = unknown

/bin/arch              = unknown
/usr/bin/arch -k       = unknown
/usr/convex/getsysinfo = unknown
/usr/bin/hostinfo      = unknown
/bin/machine           = unknown
/usr/bin/oslevel       = unknown
/bin/universe          = unknown

PATH: /usr/local/sbin
PATH: /usr/local/bin
PATH: /usr/sbin
PATH: /usr/bin
PATH: /sbin
PATH: /bin
PATH: /usr/games


## ----------- ##
## Core tests. ##
## ----------- ##

configure:2367: checking for a BSD-compatible install
configure:2435: result: /usr/bin/install -c
configure:2446: checking whether build environment is sane
configure:2496: result: yes
configure:2637: checking for a thread-safe mkdir -p
configure:2676: result: /bin/mkdir -p
configure:2689: checking for gawk
configure:2719: result: no
configure:2689: checking for mawk
configure:2705: found /usr/bin/mawk
configure:2716: result: mawk
configure:2727: checking whether make sets $(MAKE)
configure:2749: result: yes
configure:2880: checking for gcc
configure:2896: found /usr/bin/gcc
configure:2907: result: gcc
configure:3136: checking for C compiler version
configure:3145: gcc --version >&5
gcc (Ubuntu/Linaro 4.4.4-14ubuntu5) 4.4.5
Copyright (C) 2010 Free Software Foundation, Inc.
This is free software; see the source for copying conditions.  There is NO
warranty; not even for MERCHANTABILITY or FITNESS FOR A PARTICULAR PURPOSE.

configure:3156: $? = 0
configure:3145: gcc -v >&5
Using built-in specs.
Target: x86_64-linux-gnu
Configured with: ../src/configure -v --with-pkgversion='Ubuntu/Linaro 4.4.4-14ubuntu5' --with-bugurl=file:///usr/share/doc/gcc-4.4/README.Bugs --enable-languages=c,c++,fortran,objc,obj-c++ --prefix=/usr --program-suffix=-4.4 --enable-shared --enable-multiarch --enable-linker-build-id --with-system-zlib --libexecdir=/usr/lib --without-included-gettext --enable-threads=posix --with-gxx-include-dir=/usr/include/c++/4.4 --libdir=/usr/lib --enable-nls --with-sysroot=/ --enable-clocale=gnu --enable-libstdcxx-debug --enable-objc-gc --disable-werror --with-arch-32=i686 --with-tune=generic --enable-checking=release --build=x86_64-linux-gnu --host=x86_64-linux-gnu --target=x86_64-linux-gnu
Thread model: posix
gcc version 4.4.5 (Ubuntu/Linaro 4.4.4-14ubuntu5) 
configure:3156: $? = 0
configure:3145: gcc -V >&5
gcc: '-V' option must have argument
configure:3156: $? = 1
configure:3145: gcc -qversion >&5
gcc: unrecognized option '-qversion'
gcc: no input files
configure:3156: $? = 1
configure:3176: checking whether the C compiler works
configure:3198: gcc    conftest.c  >&5
configure:3202: $? = 0
configure:3250: result: yes
configure:3253: checking for C compiler default output file name
configure:3255: result: a.out
configure:3261: checking for suffix of executables
configure:3268: gcc -o conftest    conftest.c  >&5
configure:3272: $? = 0
configure:3294: result: 
configure:3316: checking whether we are cross compiling
configure:3324: gcc -o conftest    conftest.c  >&5
configure:3328: $? = 0
configure:3335: ./conftest
configure:3339: $? = 0
configure:3354: result: no
configure:3359: checking for suffix of object files
configure:3381: gcc -c   conftest.c >&5
configure:3385: $? = 0
configure:3406: result: o
configure:3410: checking whether we are using the GNU C compiler
configure:3429: gcc -c   conftest.c >&5
configure:3429: $? = 0
configure:3438: result: yes
configure:3447: checking whether gcc accepts -g
configure:3467: gcc -c -g  conftest.c >&5
configure:3467: $? = 0
configure:3508: result: yes
configure:3525: checking for gcc option to accept ISO C89
configure:3589: gcc  -c -g -O2  conftest.c >&5
configure:3589: $? = 0
configure:3602: result: none needed
configure:3633: checking for style of include used by make
configure:3661: result: GNU
configure:3686: checking dependency style of gcc
configure:3796: result: gcc3
configure:3840: checking build system type
configure:3854: result: x86_64-unknown-linux-gnu
configure:3874: checking host system type
configure:3887: result: x86_64-unknown-linux-gnu
configure:3907: checking for a sed that does not truncate output
configure:3971: result: /bin/sed
configure:3989: checking for grep that handles long lines and -e
configure:4047: result: /bin/grep
configure:4052: checking for egrep
configure:4114: result: /bin/grep -E
configure:4119: checking for fgrep
configure:4181: result: /bin/grep -F
configure:4216: checking for ld used by gcc
configure:4283: result: /usr/bin/ld
configure:4290: checking if the linker (/usr/bin/ld) is GNU ld
configure:4305: result: yes
configure:4317: checking for BSD- or MS-compatible name lister (nm)
configure:4366: result: /usr/bin/nm -B
configure:4484: checking the name lister (/usr/bin/nm -B) interface
configure:4491: gcc -c -g -O2  conftest.c >&5
configure:4494: /usr/bin/nm -B "conftest.o"
configure:4497: output
0000000000000000 B some_variable
configure:4504: result: BSD nm
configure:4507: checking whether ln -s works
configure:4511: result: yes
configure:4519: checking the maximum length of command line arguments
configure:4639: result: 3458764513820540925
configure:4656: checking whether the shell understands some XSI constructs
configure:4666: result: yes
configure:4670: checking whether the shell understands "+="
configure:4676: result: yes
configure:4711: checking for /usr/bin/ld option to reload object files
configure:4718: result: -r
configure:4787: checking for objdump
configure:4803: found /usr/bin/objdump
configure:4814: result: objdump
configure:4846: checking how to recognize dependent libraries
configure:5042: result: pass_all
configure:5102: checking for ar
configure:5118: found /usr/bin/ar
configure:5129: result: ar
configure:5207: checking for strip
configure:5223: found /usr/bin/strip
configure:5234: result: strip
configure:5306: checking for ranlib
configure:5322: found /usr/bin/ranlib
configure:5333: result: ranlib
configure:5423: checking command to parse /usr/bin/nm -B output from gcc object
configure:5541: gcc -c -g -O2  conftest.c >&5
configure:5544: $? = 0
configure:5548: /usr/bin/nm -B conftest.o \| sed -n -e 's/^.*[	 ]\([ABCDGIRSTW][ABCDGIRSTW]*\)[	 ][	 ]*\([_A-Za-z][_A-Za-z0-9]*\)$/\1 \2 \2/p' \> conftest.nm
configure:5551: $? = 0
configure:5605: gcc -o conftest -g -O2   conftest.c conftstm.o >&5
configure:5608: $? = 0
configure:5646: result: ok
configure:5742: gcc -c -g -O2  conftest.c >&5
configure:5745: $? = 0
configure:6455: checking how to run the C preprocessor
configure:6486: gcc -E  conftest.c
configure:6486: $? = 0
configure:6500: gcc -E  conftest.c
conftest.c:11: fatal error: ac_nonexistent.h: No such file or directory
compilation terminated.
configure:6500: $? = 1
configure: failed program was:
| /* confdefs.h */
| #define PACKAGE_NAME "pidgin-im-pusher"
| #define PACKAGE_TARNAME "pidgin-im-pusher"
| #define PACKAGE_VERSION "0.07"
| #define PACKAGE_STRING "pidgin-im-pusher 0.07"
| #define PACKAGE_BUGREPORT "http://code.google.com/p/pidgin-im-pusher/"
| #define PACKAGE_URL ""
| #define PACKAGE "pidgin-im-pusher"
| #define VERSION "0.07"
| /* end confdefs.h.  */
| #include <ac_nonexistent.h>
configure:6525: result: gcc -E
configure:6545: gcc -E  conftest.c
configure:6545: $? = 0
configure:6559: gcc -E  conftest.c
conftest.c:11: fatal error: ac_nonexistent.h: No such file or directory
compilation terminated.
configure:6559: $? = 1
configure: failed program was:
| /* confdefs.h */
| #define PACKAGE_NAME "pidgin-im-pusher"
| #define PACKAGE_TARNAME "pidgin-im-pusher"
| #define PACKAGE_VERSION "0.07"
| #define PACKAGE_STRING "pidgin-im-pusher 0.07"
| #define PACKAGE_BUGREPORT "http://code.google.com/p/pidgin-im-pusher/"
| #define PACKAGE_URL ""
| #define PACKAGE "pidgin-im-pusher"
| #define VERSION "0.07"
| /* end confdefs.h.  */
| #include <ac_nonexistent.h>
configure:6588: checking for ANSI C header files
configure:6608: gcc -c -g -O2  conftest.c >&5
configure:6608: $? = 0
configure:6681: gcc -o conftest -g -O2   conftest.c  >&5
configure:6681: $? = 0
configure:6681: ./conftest
configure:6681: $? = 0
configure:6692: result: yes
configure:6705: checking for sys/types.h
configure:6705: gcc -c -g -O2  conftest.c >&5
configure:6705: $? = 0
configure:6705: result: yes
configure:6705: checking for sys/stat.h
configure:6705: gcc -c -g -O2  conftest.c >&5
configure:6705: $? = 0
configure:6705: result: yes
configure:6705: checking for stdlib.h
configure:6705: gcc -c -g -O2  conftest.c >&5
configure:6705: $? = 0
configure:6705: result: yes
configure:6705: checking for string.h
configure:6705: gcc -c -g -O2  conftest.c >&5
configure:6705: $? = 0
configure:6705: result: yes
configure:6705: checking for memory.h
configure:6705: gcc -c -g -O2  conftest.c >&5
configure:6705: $? = 0
configure:6705: result: yes
configure:6705: checking for strings.h
configure:6705: gcc -c -g -O2  conftest.c >&5
configure:6705: $? = 0
configure:6705: result: yes
configure:6705: checking for inttypes.h
configure:6705: gcc -c -g -O2  conftest.c >&5
configure:6705: $? = 0
configure:6705: result: yes
configure:6705: checking for stdint.h
configure:6705: gcc -c -g -O2  conftest.c >&5
configure:6705: $? = 0
configure:6705: result: yes
configure:6705: checking for unistd.h
configure:6705: gcc -c -g -O2  conftest.c >&5
configure:6705: $? = 0
configure:6705: result: yes
configure:6719: checking for dlfcn.h
configure:6719: gcc -c -g -O2  conftest.c >&5
configure:6719: $? = 0
configure:6719: result: yes
configure:6903: checking for objdir
configure:6918: result: .libs
configure:7210: checking if gcc supports -fno-rtti -fno-exceptions
configure:7228: gcc -c -g -O2  -fno-rtti -fno-exceptions conftest.c >&5
cc1: warning: command line option "-fno-rtti" is valid for C++/ObjC++ but not for C
configure:7232: $? = 0
configure:7245: result: no
configure:7265: checking for gcc option to produce PIC
configure:7537: result: -fPIC -DPIC
configure:7549: checking if gcc PIC flag -fPIC -DPIC works
configure:7567: gcc -c -g -O2  -fPIC -DPIC -DPIC conftest.c >&5
configure:7571: $? = 0
configure:7584: result: yes
configure:7608: checking if gcc static flag -static works
configure:7636: result: yes
configure:7651: checking if gcc supports -c -o file.o
configure:7672: gcc -c -g -O2  -o out/conftest2.o conftest.c >&5
configure:7676: $? = 0
configure:7698: result: yes
configure:7706: checking if gcc supports -c -o file.o
configure:7753: result: yes
configure:7786: checking whether the gcc linker (/usr/bin/ld -m elf_x86_64) supports shared libraries
configure:8777: result: yes
configure:8814: checking whether -lc should be explicitly linked in
configure:8819: gcc -c -g -O2  conftest.c >&5
configure:8822: $? = 0
configure:8837: gcc -shared conftest.o  -v -Wl,-soname -Wl,conftest -o conftest 2\>\&1 \| /bin/grep  -lc  \>/dev/null 2\>\&1
configure:8840: $? = 0
configure:8852: result: no
configure:9016: checking dynamic linker characteristics
configure:9449: gcc -o conftest -g -O2   -Wl,-rpath -Wl,/foo conftest.c  >&5
configure:9449: $? = 0
configure:9679: result: GNU/Linux ld.so
configure:9781: checking how to hardcode library paths into programs
configure:9806: result: immediate
configure:10326: checking whether stripping libraries is possible
configure:10331: result: yes
configure:10366: checking if libtool supports shared libraries
configure:10368: result: yes
configure:10371: checking whether to build shared libraries
configure:10392: result: yes
configure:10395: checking whether to build static libraries
configure:10399: result: yes
configure:10489: checking for pkg-config
configure:10507: found /usr/bin/pkg-config
configure:10519: result: /usr/bin/pkg-config
configure:10544: checking pkg-config is at least version 0.9.0
configure:10547: result: yes
configure:10557: checking for PIDGIN
configure:10564: $PKG_CONFIG --exists --print-errors "pidgin"
configure:10567: $? = 0
configure:10580: $PKG_CONFIG --exists --print-errors "pidgin"
configure:10583: $? = 0
configure:10640: result: yes
configure:10649: checking for string.h
configure:10649: result: yes
configure:10818: creating ./config.status

## ---------------- ##
## Cache variables. ##
## ---------------- ##

ac_cv_build=x86_64-unknown-linux-gnu
ac_cv_c_compiler_gnu=yes
ac_cv_env_CC_set=
ac_cv_env_CC_value=
ac_cv_env_CFLAGS_set=
ac_cv_env_CFLAGS_value=
ac_cv_env_CPPFLAGS_set=
ac_cv_env_CPPFLAGS_value=
ac_cv_env_CPP_set=
ac_cv_env_CPP_value=
ac_cv_env_LDFLAGS_set=
ac_cv_env_LDFLAGS_value=
ac_cv_env_LIBS_set=
ac_cv_env_LIBS_value=
ac_cv_env_PIDGIN_CFLAGS_set=
ac_cv_env_PIDGIN_CFLAGS_value=
ac_cv_env_PIDGIN_LIBS_set=
ac_cv_env_PIDGIN_LIBS_value=
ac_cv_env_PKG_CONFIG_LIBDIR_set=
ac_cv_env_PKG_CONFIG_LIBDIR_value=
ac_cv_env_PKG_CONFIG_PATH_set=
ac_cv_env_PKG_CONFIG_PATH_value=
ac_cv_env_PKG_CONFIG_set=
ac_cv_env_PKG_CONFIG_value=
ac_cv_env_build_alias_set=
ac_cv_env_build_alias_value=
ac_cv_env_host_alias_set=
ac_cv_env_host_alias_value=
ac_cv_env_target_alias_set=
ac_cv_env_target_alias_value=
ac_cv_header_dlfcn_h=yes
ac_cv_header_inttypes_h=yes
ac_cv_header_memory_h=yes
ac_cv_header_stdc=yes
ac_cv_header_stdint_h=yes
ac_cv_header_stdlib_h=yes
ac_cv_header_string_h=yes
ac_cv_header_strings_h=yes
ac_cv_header_sys_stat_h=yes
ac_cv_header_sys_types_h=yes
ac_cv_header_unistd_h=yes
ac_cv_host=x86_64-unknown-linux-gnu
ac_cv_objext=o
ac_cv_path_EGREP='/bin/grep -E'
ac_cv_path_FGREP='/bin/grep -F'
ac_cv_path_GREP=/bin/grep
ac_cv_path_SED=/bin/sed
ac_cv_path_ac_pt_PKG_CONFIG=/usr/bin/pkg-config
ac_cv_path_install='/usr/bin/install -c'
ac_cv_path_mkdir=/bin/mkdir
ac_cv_prog_AWK=mawk
ac_cv_prog_CPP='gcc -E'
ac_cv_prog_ac_ct_AR=ar
ac_cv_prog_ac_ct_CC=gcc
ac_cv_prog_ac_ct_OBJDUMP=objdump
ac_cv_prog_ac_ct_RANLIB=ranlib
ac_cv_prog_ac_ct_STRIP=strip
ac_cv_prog_cc_c89=
ac_cv_prog_cc_g=yes
ac_cv_prog_make_make_set=yes
am_cv_CC_dependencies_compiler_type=gcc3
lt_cv_deplibs_check_method=pass_all
lt_cv_file_magic_cmd='$MAGIC_CMD'
lt_cv_file_magic_test_file=
lt_cv_ld_reload_flag=-r
lt_cv_nm_interface='BSD nm'
lt_cv_objdir=.libs
lt_cv_path_LD=/usr/bin/ld
lt_cv_path_NM='/usr/bin/nm -B'
lt_cv_prog_compiler_c_o=yes
lt_cv_prog_compiler_pic_works=yes
lt_cv_prog_compiler_rtti_exceptions=no
lt_cv_prog_compiler_static_works=yes
lt_cv_prog_gnu_ld=yes
lt_cv_sys_global_symbol_pipe='sed -n -e '\''s/^.*[	 ]\([ABCDGIRSTW][ABCDGIRSTW]*\)[	 ][	 ]*\([_A-Za-z][_A-Za-z0-9]*\)$/\1 \2 \2/p'\'''
lt_cv_sys_global_symbol_to_c_name_address='sed -n -e '\''s/^: \([^ ]*\) $/  {\"\1\", (void *) 0},/p'\'' -e '\''s/^[ABCDGIRSTW]* \([^ ]*\) \([^ ]*\)$/  {"\2", (void *) \&\2},/p'\'''
lt_cv_sys_global_symbol_to_c_name_address_lib_prefix='sed -n -e '\''s/^: \([^ ]*\) $/  {\"\1\", (void *) 0},/p'\'' -e '\''s/^[ABCDGIRSTW]* \([^ ]*\) \(lib[^ ]*\)$/  {"\2", (void *) \&\2},/p'\'' -e '\''s/^[ABCDGIRSTW]* \([^ ]*\) \([^ ]*\)$/  {"lib\2", (void *) \&\2},/p'\'''
lt_cv_sys_global_symbol_to_cdecl='sed -n -e '\''s/^T .* \(.*\)$/extern int \1();/p'\'' -e '\''s/^[ABCDGIRSTW]* .* \(.*\)$/extern char \1;/p'\'''
lt_cv_sys_max_cmd_len=3458764513820540925
pkg_cv_PIDGIN_CFLAGS='-pthread -I/usr/include/pidgin -I/usr/include/gtk-2.0 -I/usr/include/libpurple -I/usr/lib/gtk-2.0/include -I/usr/include/atk-1.0 -I/usr/include/cairo -I/usr/include/gdk-pixbuf-2.0 -I/usr/include/pango-1.0 -I/usr/include/gio-unix-2.0/ -I/usr/include/glib-2.0 -I/usr/lib/glib-2.0/include -I/usr/include/pixman-1 -I/usr/include/freetype2 -I/usr/include/libpng12  '
pkg_cv_PIDGIN_LIBS='-pthread -lgtk-x11-2.0 -lpurple -lgdk-x11-2.0 -latk-1.0 -lgio-2.0 -lpangoft2-1.0 -lpangocairo-1.0 -lgdk_pixbuf-2.0 -lm -lcairo -lpng12 -lpango-1.0 -lfreetype -lfontconfig -lgobject-2.0 -lgmodule-2.0 -lgthread-2.0 -lrt -lglib-2.0  '

## ----------------- ##
## Output variables. ##
## ----------------- ##

ACLOCAL='${SHELL} /home/wl/src/pidgin-im-pusher/missing --run aclocal-1.11'
AMDEPBACKSLASH='\'
AMDEP_FALSE='#'
AMDEP_TRUE=''
AMTAR='${SHELL} /home/wl/src/pidgin-im-pusher/missing --run tar'
AR='ar'
AUTOCONF='${SHELL} /home/wl/src/pidgin-im-pusher/missing --run autoconf'
AUTOHEADER='${SHELL} /home/wl/src/pidgin-im-pusher/missing --run autoheader'
AUTOMAKE='${SHELL} /home/wl/src/pidgin-im-pusher/missing --run automake-1.11'
AWK='mawk'
CC='gcc'
CCDEPMODE='depmode=gcc3'
CFLAGS='-g -O2'
CPP='gcc -E'
CPPFLAGS=''
CYGPATH_W='echo'
DEFS='-DPACKAGE_NAME=\"pidgin-im-pusher\" -DPACKAGE_TARNAME=\"pidgin-im-pusher\" -DPACKAGE_VERSION=\"0.07\" -DPACKAGE_STRING=\"pidgin-im-pusher\ 0.07\" -DPACKAGE_BUGREPORT=\"http://code.google.com/p/pidgin-im-pusher/\" -DPACKAGE_URL=\"\" -DPACKAGE=\"pidgin-im-pusher\" -DVERSION=\"0.07\" -DSTDC_HEADERS=1 -DHAVE_SYS_TYPES_H=1 -DHAVE_SYS_STAT_H=1 -DHAVE_STDLIB_H=1 -DHAVE_STRING_H=1 -DHAVE_MEMORY_H=1 -DHAVE_STRINGS_H=1 -DHAVE_INTTYPES_H=1 -DHAVE_STDINT_H=1 -DHAVE_UNISTD_H=1 -DHAVE_DLFCN_H=1 -DLT_OBJDIR=\".libs/\" -DHAVE_STRING_H=1'
DEPDIR='.deps'
DSYMUTIL=''
DUMPBIN=''
ECHO_C=''
ECHO_N='-n'
ECHO_T=''
EGREP='/bin/grep -E'
EXEEXT=''
FGREP='/bin/grep -F'
GREP='/bin/grep'
INSTALL_DATA='${INSTALL} -m 644'
INSTALL_PROGRAM='${INSTALL}'
INSTALL_SCRIPT='${INSTALL}'
INSTALL_STRIP_PROGRAM='$(install_sh) -c -s'
LD='/usr/bin/ld -m elf_x86_64'
LDFLAGS=''
LIBOBJS=''
LIBS=''
LIBTOOL='$(SHELL) $(top_builddir)/libtool'
LIPO=''
LN_S='ln -s'
LTLIBOBJS=''
MAKEINFO='${SHELL} /home/wl/src/pidgin-im-pusher/missing --run makeinfo'
MKDIR_P='/bin/mkdir -p'
NM='/usr/bin/nm -B'
NMEDIT=''
OBJDUMP='objdump'
OBJEXT='o'
OTOOL64=''
OTOOL=''
PACKAGE='pidgin-im-pusher'
PACKAGE_BUGREPORT='http://code.google.com/p/pidgin-im-pusher/'
PACKAGE_NAME='pidgin-im-pusher'
PACKAGE_STRING='pidgin-im-pusher 0.07'
PACKAGE_TARNAME='pidgin-im-pusher'
PACKAGE_URL=''
PACKAGE_VERSION='0.07'
PATH_SEPARATOR=':'
PIDGIN_CFLAGS='-pthread -I/usr/include/pidgin -I/usr/include/gtk-2.0 -I/usr/include/libpurple -I/usr/lib/gtk-2.0/include -I/usr/include/atk-1.0 -I/usr/include/cairo -I/usr/include/gdk-pixbuf-2.0 -I/usr/include/pango-1.0 -I/usr/include/gio-unix-2.0/ -I/usr/include/glib-2.0 -I/usr/lib/glib-2.0/include -I/usr/include/pixman-1 -I/usr/include/freetype2 -I/usr/include/libpng12  '
PIDGIN_LIBS='-pthread -lgtk-x11-2.0 -lpurple -lgdk-x11-2.0 -latk-1.0 -lgio-2.0 -lpangoft2-1.0 -lpangocairo-1.0 -lgdk_pixbuf-2.0 -lm -lcairo -lpng12 -lpango-1.0 -lfreetype -lfontconfig -lgobject-2.0 -lgmodule-2.0 -lgthread-2.0 -lrt -lglib-2.0  '
PKG_CONFIG='/usr/bin/pkg-config'
PKG_CONFIG_LIBDIR=''
PKG_CONFIG_PATH=''
RANLIB='ranlib'
SED='/bin/sed'
SET_MAKE=''
SHELL='/bin/bash'
STRIP='strip'
VERSION='0.07'
ac_ct_CC='gcc'
ac_ct_DUMPBIN=''
am__EXEEXT_FALSE=''
am__EXEEXT_TRUE='#'
am__fastdepCC_FALSE='#'
am__fastdepCC_TRUE=''
am__include='include'
am__isrc=''
am__leading_dot='.'
am__quote=''
am__tar='${AMTAR} chof - "$$tardir"'
am__untar='${AMTAR} xf -'
bindir='${exec_prefix}/bin'
build='x86_64-unknown-linux-gnu'
build_alias=''
build_cpu='x86_64'
build_os='linux-gnu'
build_vendor='unknown'
datadir='${datarootdir}'
datarootdir='${prefix}/share'
docdir='${datarootdir}/doc/${PACKAGE_TARNAME}'
dvidir='${docdir}'
exec_prefix='${prefix}'
host='x86_64-unknown-linux-gnu'
host_alias=''
host_cpu='x86_64'
host_os='linux-gnu'
host_vendor='unknown'
htmldir='${docdir}'
includedir='${prefix}/include'
infodir='${datarootdir}/info'
install_sh='${SHELL} /home/wl/src/pidgin-im-pusher/install-sh'
libdir='${exec_prefix}/lib'
libexecdir='${exec_prefix}/libexec'
localedir='${datarootdir}/locale'
localstatedir='${prefix}/var'
lt_ECHO='echo'
mandir='${datarootdir}/man'
mkdir_p='/bin/mkdir -p'
oldincludedir='/usr/include'
pdfdir='${docdir}'
prefix='/usr/local'
program_transform_name='s,x,x,'
psdir='${docdir}'
sbindir='${exec_prefix}/sbin'
sharedstatedir='${prefix}/com'
sysconfdir='${prefix}/etc'
target_alias=''

## ----------- ##
## confdefs.h. ##
## ----------- ##

/* confdefs.h */
#define PACKAGE_NAME "pidgin-im-pusher"
#define PACKAGE_TARNAME "pidgin-im-pusher"
#define PACKAGE_VERSION "0.07"
#define PACKAGE_STRING "pidgin-im-pusher 0.07"
#define PACKAGE_BUGREPORT "http://code.google.com/p/pidgin-im-pusher/"
#define PACKAGE_URL ""
#define PACKAGE "pidgin-im-pusher"
#define VERSION "0.07"
#define STDC_HEADERS 1
#define HAVE_SYS_TYPES_H 1
#define HAVE_SYS_STAT_H 1
#define HAVE_STDLIB_H 1
#define HAVE_STRING_H 1
#define HAVE_MEMORY_H 1
#define HAVE_STRINGS_H 1
#define HAVE_INTTYPES_H 1
#define HAVE_STDINT_H 1
#define HAVE_UNISTD_H 1
#define HAVE_DLFCN_H 1
#define LT_OBJDIR ".libs/"
#define HAVE_STRING_H 1

configure: exit 0

## ---------------------- ##
## Running config.status. ##
## ---------------------- ##

This file was extended by pidgin-im-pusher config.status 0.07, which was
generated by GNU Autoconf 2.67.  Invocation command line was

  CONFIG_FILES    = 
  CONFIG_HEADERS  = 
  CONFIG_LINKS    = 
  CONFIG_COMMANDS = 
  $ ./config.status 

on wl-laptop

config.status:999: creating Makefile
config.status:1170: executing depfiles commands
config.status:1170: executing libtool commands

## ---------------------- ##
## Running config.status. ##
## ---------------------- ##

This file was extended by pidgin-im-pusher config.status 0.07, which was
generated by GNU Autoconf 2.67.  Invocation command line was

  CONFIG_FILES    = 
  CONFIG_HEADERS  = 
  CONFIG_LINKS    = 
  CONFIG_COMMANDS = 
  $ ./config.status Makefile

on wl-laptop

config.status:999: creating Makefile
